<?xml version="1.0" encoding="UTF-8"?>
<!-- Generated by org.testng.reporters.JUnitReportReporter -->
<testsuite hostname="DESKTOP-I0Q3SD8" failures="0" tests="1" name="VtigerTestScripts.CreateEventTest" time="23.853" errors="0" timestamp="2024-10-18T16:28:12 IST" skipped="0">
  <testcase classname="VtigerTestScripts.CreateEventTest" name="CreatEventTest" time="23.853"/>
  <system-out/>
</testsuite> <!-- VtigerTestScripts.CreateEventTest -->
