<?xml version="1.0" encoding="UTF-8"?>
<!-- Generated by org.testng.reporters.JUnitReportReporter -->
<testsuite hostname="DESKTOP-I0Q3SD8" failures="0" tests="3" name="distributedParallel.Test1" time="0.014" errors="0" timestamp="2024-10-02T15:30:39 IST" skipped="0">
  <testcase classname="distributedParallel.Test1" name="Demo2" time="0.004"/>
  <system-out/>
  <testcase classname="distributedParallel.Test1" name="Demo1" time="0.002"/>
  <system-out/>
  <testcase classname="distributedParallel.Test1" name="Demo3" time="0.008"/>
  <system-out/>
</testsuite> <!-- distributedParallel.Test1 -->
