<?xml version="1.0" encoding="UTF-8"?>
<!-- Generated by org.testng.reporters.JUnitReportReporter -->
<testsuite hostname="DESKTOP-I0Q3SD8" failures="0" tests="3" name="groupExecution.Test1" time="0.007" errors="0" timestamp="2024-09-30T15:49:39 IST" skipped="0">
  <testcase classname="groupExecution.Test1" name="Demo2" time="0.002"/>
  <system-out/>
  <testcase classname="groupExecution.Test1" name="Demo1" time="0.002"/>
  <system-out/>
  <testcase classname="groupExecution.Test1" name="Demo3" time="0.003"/>
  <system-out/>
</testsuite> <!-- groupExecution.Test1 -->
