<?xml version="1.0" encoding="UTF-8"?>
<!-- Generated by org.testng.reporters.JUnitReportReporter -->
<testsuite hostname="DESKTOP-I0Q3SD8" failures="0" tests="4" name="testng.PriorityFlagPractice" time="0.015" errors="0" timestamp="2024-09-30T15:13:39 IST" skipped="0">
  <testcase classname="testng.PriorityFlagPractice" name="demo" time="0.001"/>
  <system-out>
    <![CDATA[Hello World!]]>
  </system-out>
  <testcase classname="testng.PriorityFlagPractice" name="demo2" time="0.001"/>
  <system-out>
    <![CDATA[Hello Srikanth!]]>
  </system-out>
  <testcase classname="testng.PriorityFlagPractice" name="demo4" time="0.002"/>
  <system-out>
    <![CDATA[Hello Srikanth!]]>
  </system-out>
  <testcase classname="testng.PriorityFlagPractice" name="demo3" time="0.011"/>
  <system-out>
    <![CDATA[Hello World!]]>
  </system-out>
</testsuite> <!-- testng.PriorityFlagPractice -->
