<?xml version="1.0" encoding="UTF-8"?>
<!-- Generated by org.testng.reporters.JUnitReportReporter -->
<testsuite hostname="DESKTOP-I0Q3SD8" failures="0" tests="3" name="DataProviders.DataProvidersTest" time="0.017" errors="0" timestamp="2024-10-01T16:47:17 IST" skipped="0">
  <testcase classname="DataProviders.DataProvidersTest" name="bookTicketTest" time="0.010"/>
  <system-out/>
  <testcase classname="DataProviders.DataProvidersTest" name="bookTicketTest" time="0.004"/>
  <system-out/>
  <testcase classname="DataProviders.DataProvidersTest" name="bookTicketTest" time="0.003"/>
  <system-out/>
</testsuite> <!-- DataProviders.DataProvidersTest -->
