<?xml version="1.0" encoding="UTF-8"?>
<!-- Generated by org.testng.reporters.JUnitReportReporter -->
<testsuite hostname="DESKTOP-I0Q3SD8" failures="0" tests="2" name="testng.SampleTest" time="0.012" errors="0" timestamp="2024-09-30T15:13:39 IST" skipped="0">
  <testcase classname="testng.SampleTest" name="demo" time="0.008"/>
  <system-out>
    <![CDATA[Hello World!]]>
  </system-out>
  <testcase classname="testng.SampleTest" name="demo1" time="0.004"/>
  <system-out>
    <![CDATA[Hello Srikanth!]]>
  </system-out>
</testsuite> <!-- testng.SampleTest -->
