<?xml version="1.0" encoding="UTF-8"?>
<!-- Generated by org.testng.reporters.JUnitReportReporter -->
<testsuite hostname="DESKTOP-I0Q3SD8" failures="0" tests="3" name="crossBrowserParallel.Test2" time="16.100" errors="0" timestamp="2024-10-01T16:05:06 IST" skipped="0">
  <testcase classname="crossBrowserParallel.Test2" name="zomatoTest" time="8.803"/>
  <system-out/>
  <testcase classname="crossBrowserParallel.Test2" name="zomatoTest" time="2.590"/>
  <system-out/>
  <testcase classname="crossBrowserParallel.Test2" name="zomatoTest" time="4.707"/>
  <system-out/>
</testsuite> <!-- crossBrowserParallel.Test2 -->
