<?xml version="1.0" encoding="UTF-8"?>
<!-- Generated by org.testng.reporters.JUnitReportReporter -->
<testsuite hostname="DESKTOP-I0Q3SD8" failures="0" tests="3" name="distributedParallel.Test4" time="0.058" errors="0" timestamp="2024-10-02T15:30:39 IST" skipped="0">
  <testcase classname="distributedParallel.Test4" name="Demo1" time="0.050"/>
  <system-out/>
  <testcase classname="distributedParallel.Test4" name="Demo2" time="0.003"/>
  <system-out/>
  <testcase classname="distributedParallel.Test4" name="Demo3" time="0.005"/>
  <system-out/>
</testsuite> <!-- distributedParallel.Test4 -->
