<?xml version="1.0" encoding="UTF-8"?>
<!-- Generated by org.testng.reporters.JUnitReportReporter -->
<testsuite hostname="DESKTOP-I0Q3SD8" failures="0" tests="3" name="distributedParallel.Test6" time="0.029" errors="0" timestamp="2024-10-02T15:30:39 IST" skipped="0">
  <testcase classname="distributedParallel.Test6" name="Demo2" time="0.009"/>
  <system-out/>
  <testcase classname="distributedParallel.Test6" name="Demo1" time="0.006"/>
  <system-out/>
  <testcase classname="distributedParallel.Test6" name="Demo3" time="0.014"/>
  <system-out/>
</testsuite> <!-- distributedParallel.Test6 -->
