<?xml version="1.0" encoding="UTF-8"?>
<!-- Generated by org.testng.reporters.JUnitReportReporter -->
<testsuite hostname="DESKTOP-I0Q3SD8" failures="0" tests="1" name="VtigerTestScripts.CreateAndDuplicateLeadTest" time="24.997" errors="0" timestamp="2024-10-18T16:28:56 IST" skipped="0">
  <testcase classname="VtigerTestScripts.CreateAndDuplicateLeadTest" name="createLeadTest" time="24.997"/>
  <system-out/>
</testsuite> <!-- VtigerTestScripts.CreateAndDuplicateLeadTest -->
