<?xml version="1.0" encoding="UTF-8"?>
<!-- Generated by org.testng.reporters.JUnitReportReporter -->
<testsuite hostname="DESKTOP-I0Q3SD8" failures="0" tests="5" name="testng.InvocationCountPractice" time="0.019" errors="0" timestamp="2024-09-30T15:13:40 IST" skipped="0">
  <testcase classname="testng.InvocationCountPractice" name="Demo3" time="0.005"/>
  <system-out>
    <![CDATA[demo1]]>
  </system-out>
  <testcase classname="testng.InvocationCountPractice" name="Demo3" time="0.006"/>
  <system-out>
    <![CDATA[demo1]]>
  </system-out>
  <testcase classname="testng.InvocationCountPractice" name="Demo1" time="0.002"/>
  <system-out>
    <![CDATA[demo1]]>
  </system-out>
  <testcase classname="testng.InvocationCountPractice" name="Demo1" time="0.002"/>
  <system-out>
    <![CDATA[demo1]]>
  </system-out>
  <testcase classname="testng.InvocationCountPractice" name="Demo1" time="0.004"/>
  <system-out>
    <![CDATA[demo1]]>
  </system-out>
</testsuite> <!-- testng.InvocationCountPractice -->
