<?xml version="1.0" encoding="UTF-8"?>
<!-- Generated by org.testng.reporters.JUnitReportReporter -->
<testsuite hostname="DESKTOP-I0Q3SD8" failures="0" tests="2" name="testng.EnabledFlagPractice" time="0.011" errors="0" timestamp="2024-09-30T15:13:40 IST" skipped="1">
  <testcase classname="testng.EnabledFlagPractice" name="demo3" time="0.011"/>
  <system-out>
    <![CDATA[Sai Teja]]>
  </system-out>
  <testcase classname="testng.EnabledFlagPractice" name="demo1">
    <skipped/>
  </testcase> <!-- demo1 -->
  <system-out/>
</testsuite> <!-- testng.EnabledFlagPractice -->
