<?xml version="1.0" encoding="UTF-8"?>
<!-- Generated by org.testng.reporters.JUnitReportReporter -->
<testsuite hostname="DESKTOP-I0Q3SD8" failures="0" tests="1" name="listenerPractice.TestClass" time="0.012" errors="0" timestamp="2024-10-03T15:58:57 IST" skipped="0">
  <testcase classname="listenerPractice.TestClass" name="testMethod" time="0.012"/>
  <system-out/>
</testsuite> <!-- listenerPractice.TestClass -->
