<?xml version="1.0" encoding="UTF-8"?>
<!-- Generated by org.testng.reporters.JUnitReportReporter -->
<testsuite hostname="DESKTOP-I0Q3SD8" failures="0" tests="3" name="crossBrowserParallel.Test1" time="6.181" errors="0" timestamp="2024-10-01T16:05:06 IST" skipped="0">
  <testcase classname="crossBrowserParallel.Test1" name="googleTest" time="2.423"/>
  <system-out/>
  <testcase classname="crossBrowserParallel.Test1" name="googleTest" time="3.234"/>
  <system-out/>
  <testcase classname="crossBrowserParallel.Test1" name="googleTest" time="0.524"/>
  <system-out/>
</testsuite> <!-- crossBrowserParallel.Test1 -->
