<?xml version="1.0" encoding="UTF-8"?>
<!-- Generated by org.testng.reporters.JUnitReportReporter -->
<testsuite hostname="DESKTOP-I0Q3SD8" failures="0" tests="1" name="groupExecution.Test3" time="0.010" errors="0" timestamp="2024-09-30T15:49:39 IST" skipped="0">
  <testcase classname="groupExecution.Test3" name="Demo2" time="0.010"/>
  <system-out/>
</testsuite> <!-- groupExecution.Test3 -->
